# JRE version: OpenJDK Runtime Environment (8.0_152-b01) (build 1.8.0_152-release-1248-b01)
# Java VM: OpenJDK 64-Bit Server VM (25.152-b01 mixed mode bsd-amd64 compressed oops)
Heap:
 PSYoungGen      total 479232K, used 334747K [0x00000007a0000000, 0x00000007bfb00000, 0x00000007c0000000)
  eden space 444416K, 70% used [0x00000007a0000000,0x00000007b3289bf0,0x00000007bb200000)
  from space 34816K, 59% used [0x00000007bd900000,0x00000007bed5d1c8,0x00000007bfb00000)
  to   space 37376K, 0% used [0x00000007bb200000,0x00000007bb200000,0x00000007bd680000)
 ParOldGen       total 175616K, used 82300K [0x0000000760000000, 0x000000076ab80000, 0x00000007a0000000)
  object space 175616K, 46% used [0x0000000760000000,0x000000076505f3d0,0x000000076ab80000)
 Metaspace       used 109697K, capacity 116001K, committed 116352K, reserved 1150976K
  class space    used 13692K, capacity 14817K, committed 14976K, reserved 1048576K
GC Heap History (10 events):
Event: 3916.792 GC heap before
{Heap before GC invocations=36 (full 4):
 PSYoungGen      total 491520K, used 491498K [0x00000007a0000000, 0x00000007c0000000, 0x00000007c0000000)
  eden space 463360K, 100% used [0x00000007a0000000,0x00000007bc480000,0x00000007bc480000)
  from space 28160K, 99% used [0x00000007bc480000,0x00000007bdffa8a8,0x00000007be000000)
  to   space 32768K, 0% used [0x00000007be000000,0x00000007be000000,0x00000007c0000000)
 ParOldGen       total 175616K, used 70614K [0x0000000760000000, 0x000000076ab80000, 0x00000007a0000000)
  object space 175616K, 40% used [0x0000000760000000,0x00000007644f5810,0x000000076ab80000)
 Metaspace       used 106036K, capacity 110407K, committed 110848K, reserved 1146880K
  class space    used 13231K, capacity 14096K, committed 14336K, reserved 1048576K
Event: 3916.841 GC heap after
Heap after GC invocations=36 (full 4):
 PSYoungGen      total 468992K, used 32758K [0x00000007a0000000, 0x00000007c0000000, 0x00000007c0000000)
  eden space 436224K, 0% used [0x00000007a0000000,0x00000007a0000000,0x00000007baa00000)
  from space 32768K, 99% used [0x00000007be000000,0x00000007bfffdae0,0x00000007c0000000)
  to   space 44032K, 0% used [0x00000007baa00000,0x00000007baa00000,0x00000007bd500000)
 ParOldGen       total 175616K, used 70687K [0x0000000760000000, 0x000000076ab80000, 0x00000007a0000000)
  object space 175616K, 40% used [0x0000000760000000,0x0000000764507e38,0x000000076ab80000)
 Metaspace       used 106036K, capacity 110407K, committed 110848K, reserved 1146880K
  class space    used 13231K, capacity 14096K, committed 14336K, reserved 1048576K
}
Event: 3917.061 GC heap before
{Heap before GC invocations=37 (full 4):
 PSYoungGen      total 468992K, used 468789K [0x00000007a0000000, 0x00000007c0000000, 0x00000007c0000000)
  eden space 436224K, 99% used [0x00000007a0000000,0x00000007ba9cf9e0,0x00000007baa00000)
  from space 32768K, 99% used [0x00000007be000000,0x00000007bfffdae0,0x00000007c0000000)
  to   space 44032K, 0% used [0x00000007baa00000,0x00000007baa00000,0x00000007bd500000)
 ParOldGen       total 175616K, used 70687K [0x0000000760000000, 0x000000076ab80000, 0x00000007a0000000)
  object space 175616K, 40% used [0x0000000760000000,0x0000000764507e38,0x000000076ab80000)
 Metaspace       used 106068K, capacity 110471K, committed 110848K, reserved 1146880K
  class space    used 13231K, capacity 14096K, committed 14336K, reserved 1048576K
Event: 3917.099 GC heap after
Heap after GC invocations=37 (full 4):
 PSYoungGen      total 480256K, used 23143K [0x00000007a0000000, 0x00000007c0000000, 0x00000007c0000000)
  eden space 436224K, 0% used [0x00000007a0000000,0x00000007a0000000,0x00000007baa00000)
  from space 44032K, 52% used [0x00000007baa00000,0x00000007bc099fe0,0x00000007bd500000)
  to   space 42496K, 0% used [0x00000007bd680000,0x00000007bd680000,0x00000007c0000000)
 ParOldGen       total 175616K, used 76580K [0x0000000760000000, 0x000000076ab80000, 0x00000007a0000000)
  object space 175616K, 43% used [0x0000000760000000,0x0000000764ac9328,0x000000076ab80000)
 Metaspace       used 106068K, capacity 110471K, committed 110848K, reserved 1146880K
  class space    used 13231K, capacity 14096K, committed 14336K, reserved 1048576K
}
Event: 4267.555 GC heap before
{Heap before GC invocations=38 (full 4):
 PSYoungGen      total 480256K, used 459367K [0x00000007a0000000, 0x00000007c0000000, 0x00000007c0000000)
  eden space 436224K, 100% used [0x00000007a0000000,0x00000007baa00000,0x00000007baa00000)
  from space 44032K, 52% used [0x00000007baa00000,0x00000007bc099fe0,0x00000007bd500000)
  to   space 42496K, 0% used [0x00000007bd680000,0x00000007bd680000,0x00000007c0000000)
 ParOldGen       total 175616K, used 76580K [0x0000000760000000, 0x000000076ab80000, 0x00000007a0000000)
  object space 175616K, 43% used [0x0000000760000000,0x0000000764ac9328,0x000000076ab80000)
 Metaspace       used 107079K, capacity 111621K, committed 112000K, reserved 1146880K
  class space    used 13373K, capacity 14261K, committed 14464K, reserved 1048576K
Event: 4267.612 GC heap after
Heap after GC invocations=38 (full 4):
 PSYoungGen      total 475648K, used 22153K [0x00000007a0000000, 0x00000007bfb80000, 0x00000007c0000000)
  eden space 437760K, 0% used [0x00000007a0000000,0x00000007a0000000,0x00000007bab80000)
  from space 37888K, 58% used [0x00000007bd680000,0x00000007bec225e0,0x00000007bfb80000)
  to   space 40960K, 0% used [0x00000007bab80000,0x00000007bab80000,0x00000007bd380000)
 ParOldGen       total 175616K, used 80372K [0x0000000760000000, 0x000000076ab80000, 0x00000007a0000000)
  object space 175616K, 45% used [0x0000000760000000,0x0000000764e7d320,0x000000076ab80000)
 Metaspace       used 107079K, capacity 111621K, committed 112000K, reserved 1146880K
  class space    used 13373K, capacity 14261K, committed 14464K, reserved 1048576K
}
Event: 4635.541 GC heap before
{Heap before GC invocations=39 (full 4):
 PSYoungGen      total 475648K, used 459913K [0x00000007a0000000, 0x00000007bfb80000, 0x00000007c0000000)
  eden space 437760K, 100% used [0x00000007a0000000,0x00000007bab80000,0x00000007bab80000)
  from space 37888K, 58% used [0x00000007bd680000,0x00000007bec225e0,0x00000007bfb80000)
  to   space 40960K, 0% used [0x00000007bab80000,0x00000007bab80000,0x00000007bd380000)
 ParOldGen       total 175616K, used 80372K [0x0000000760000000, 0x000000076ab80000, 0x00000007a0000000)
  object space 175616K, 45% used [0x0000000760000000,0x0000000764e7d320,0x000000076ab80000)
 Metaspace       used 108107K, capacity 112799K, committed 113152K, reserved 1148928K
  class space    used 13461K, capacity 14392K, committed 14592K, reserved 1048576K
Event: 4635.626 GC heap after
Heap after GC invocations=39 (full 4):
 PSYoungGen      total 478720K, used 21134K [0x00000007a0000000, 0x00000007bff00000, 0x00000007c0000000)
  eden space 437760K, 0% used [0x00000007a0000000,0x00000007a0000000,0x00000007bab80000)
  from space 40960K, 51% used [0x00000007bab80000,0x00000007bc0239e0,0x00000007bd380000)
  to   space 38912K, 0% used [0x00000007bd900000,0x00000007bd900000,0x00000007bff00000)
 ParOldGen       total 175616K, used 82228K [0x0000000760000000, 0x000000076ab80000, 0x00000007a0000000)
  object space 175616K, 46% used [0x0000000760000000,0x000000076504d3d0,0x000000076ab80000)
 Metaspace       used 108107K, capacity 112799K, committed 113152K, reserved 1148928K
  class space    used 13461K, capacity 14392K, committed 14592K, reserved 1048576K
}
Event: 4833.517 GC heap before
{Heap before GC invocations=40 (full 4):
 PSYoungGen      total 478720K, used 458894K [0x00000007a0000000, 0x00000007bff00000, 0x00000007c0000000)
  eden space 437760K, 100% used [0x00000007a0000000,0x00000007bab80000,0x00000007bab80000)
  from space 40960K, 51% used [0x00000007bab80000,0x00000007bc0239e0,0x00000007bd380000)
  to   space 38912K, 0% used [0x00000007bd900000,0x00000007bd900000,0x00000007bff00000)
 ParOldGen       total 175616K, used 82228K [0x0000000760000000, 0x000000076ab80000, 0x00000007a0000000)
  object space 175616K, 46% used [0x0000000760000000,0x000000076504d3d0,0x000000076ab80000)
 Metaspace       used 109439K, capacity 115695K, committed 116096K, reserved 1150976K
  class space    used 13676K, capacity 14788K, committed 14976K, reserved 1048576K
Event: 4833.562 GC heap after
Heap after GC invocations=40 (full 4):
 PSYoungGen      total 479232K, used 20852K [0x00000007a0000000, 0x00000007bfb00000, 0x00000007c0000000)
  eden space 444416K, 0% used [0x00000007a0000000,0x00000007a0000000,0x00000007bb200000)
  from space 34816K, 59% used [0x00000007bd900000,0x00000007bed5d1c8,0x00000007bfb00000)
  to   space 37376K, 0% used [0x00000007bb200000,0x00000007bb200000,0x00000007bd680000)
 ParOldGen       total 175616K, used 82300K [0x0000000760000000, 0x000000076ab80000, 0x00000007a0000000)
  object space 175616K, 46% used [0x0000000760000000,0x000000076505f3d0,0x000000076ab80000)
 Metaspace       used 109439K, capacity 115695K, committed 116096K, reserved 1150976K
  class space    used 13676K, capacity 14788K, committed 14976K, reserved 1048576K
}

